2019-12-23 11:25:28,512 - Log4JLogChute initialized using file 'velocity.log'
2019-12-23 11:25:28,513 - Initializing Velocity, Calling init()...
2019-12-23 11:25:28,513 - Starting Apache Velocity v1.7 (compiled: 2010-11-19 12:14:37)
2019-12-23 11:25:28,513 - Default Properties File: org\apache\velocity\runtime\defaults\velocity.properties
2019-12-23 11:25:28,513 - Trying to use logger class org.apache.velocity.runtime.log.AvalonLogChute
2019-12-23 11:25:28,513 - Target log system for org.apache.velocity.runtime.log.AvalonLogChute is not available (java.lang.NoClassDefFoundError: org/apache/log/Priority).  Falling back to next log system...
2019-12-23 11:25:28,513 - Trying to use logger class org.apache.velocity.runtime.log.Log4JLogChute
2019-12-23 11:25:28,513 - Using logger class org.apache.velocity.runtime.log.Log4JLogChute
2019-12-23 11:25:28,515 - ResourceLoader instantiated: org.apache.velocity.runtime.resource.loader.ClasspathResourceLoader
2019-12-23 11:25:28,523 - ResourceCache: initialized (class org.apache.velocity.runtime.resource.ResourceCacheImpl) with class java.util.Collections$SynchronizedMap cache map.
2019-12-23 11:25:28,525 - Loaded System Directive: org.apache.velocity.runtime.directive.Stop
2019-12-23 11:25:28,526 - Loaded System Directive: org.apache.velocity.runtime.directive.Define
2019-12-23 11:25:28,527 - Loaded System Directive: org.apache.velocity.runtime.directive.Break
2019-12-23 11:25:28,527 - Loaded System Directive: org.apache.velocity.runtime.directive.Evaluate
2019-12-23 11:25:28,528 - Loaded System Directive: org.apache.velocity.runtime.directive.Literal
2019-12-23 11:25:28,528 - Loaded System Directive: org.apache.velocity.runtime.directive.Macro
2019-12-23 11:25:28,529 - Loaded System Directive: org.apache.velocity.runtime.directive.Parse
2019-12-23 11:25:28,529 - Loaded System Directive: org.apache.velocity.runtime.directive.Include
2019-12-23 11:25:28,530 - Loaded System Directive: org.apache.velocity.runtime.directive.Foreach
2019-12-23 11:25:28,538 - Created '20' parsers.
2019-12-23 11:25:28,539 - Velocimacro : "velocimacro.library" is not set.  Trying default library: VM_global_library.vm
2019-12-23 11:25:28,541 - Could not load resource 'VM_global_library.vm' from ResourceLoader org.apache.velocity.runtime.resource.loader.ClasspathResourceLoader: ClasspathResourceLoader Error: cannot find resource VM_global_library.vm
2019-12-23 11:25:28,541 - Velocimacro : Default library not found.
2019-12-23 11:25:28,542 - Velocimacro : allowInline = true : VMs can be defined inline in templates
2019-12-23 11:25:28,542 - Velocimacro : allowInlineToOverride = false : VMs defined inline may NOT replace previous VM definitions
2019-12-23 11:25:28,542 - Velocimacro : allowInlineLocal = false : VMs defined inline will be global in scope if allowed.
2019-12-23 11:25:28,542 - Velocimacro : autoload off : VM system will not automatically reload global library macros
2019-12-23 11:25:28,555 - ResourceManager : found com/liuqi/vm/Entity.vm with loader org.apache.velocity.runtime.resource.loader.ClasspathResourceLoader
2019-12-23 11:25:28,565 - ResourceManager : found com/liuqi/vm/EntityDto.vm with loader org.apache.velocity.runtime.resource.loader.ClasspathResourceLoader
2019-12-23 11:25:28,572 - ResourceManager : found com/liuqi/vm/MapperXml.vm with loader org.apache.velocity.runtime.resource.loader.ClasspathResourceLoader
2019-12-23 11:25:28,574 - Null reference [template 'com/liuqi/vm/MapperXml.vm', line 90, column 36] : ${sortName} cannot be resolved.
2019-12-23 11:25:28,574 - Null reference [template 'com/liuqi/vm/MapperXml.vm', line 92, column 18] : ${sortType} cannot be resolved.
2019-12-23 11:25:28,576 - Left side ($key.getFrontShow()) of '==' operation has null value. If it is a reference, it may not be in the context or its toString() returned null. com/liuqi/vm/MapperXml.vm[line 104, column 34]
2019-12-23 11:25:28,576 - Left side ($key.getFrontShow()) of '==' operation has null value. If it is a reference, it may not be in the context or its toString() returned null. com/liuqi/vm/MapperXml.vm[line 104, column 34]
2019-12-23 11:25:28,576 - Left side ($key.getFrontShow()) of '==' operation has null value. If it is a reference, it may not be in the context or its toString() returned null. com/liuqi/vm/MapperXml.vm[line 104, column 34]
2019-12-23 11:25:28,576 - Left side ($key.getFrontShow()) of '==' operation has null value. If it is a reference, it may not be in the context or its toString() returned null. com/liuqi/vm/MapperXml.vm[line 104, column 34]
2019-12-23 11:25:28,576 - Left side ($key.getFrontShow()) of '==' operation has null value. If it is a reference, it may not be in the context or its toString() returned null. com/liuqi/vm/MapperXml.vm[line 104, column 34]
2019-12-23 11:25:28,578 - ResourceManager : found com/liuqi/vm/Mapper.vm with loader org.apache.velocity.runtime.resource.loader.ClasspathResourceLoader
2019-12-23 11:25:28,579 - ResourceManager : found com/liuqi/vm/service.vm with loader org.apache.velocity.runtime.resource.loader.ClasspathResourceLoader
2019-12-23 11:25:28,580 - ResourceManager : found com/liuqi/vm/ServiceImpl.vm with loader org.apache.velocity.runtime.resource.loader.ClasspathResourceLoader
2019-12-23 11:25:28,586 - ResourceManager : found com/liuqi/vm/Controller.vm with loader org.apache.velocity.runtime.resource.loader.ClasspathResourceLoader
2019-12-23 11:25:28,595 - ResourceManager : found com/liuqi/vm/htmlList.vm with loader org.apache.velocity.runtime.resource.loader.ClasspathResourceLoader
2019-12-23 11:25:28,599 - ResourceManager : found com/liuqi/vm/htmlAdd.vm with loader org.apache.velocity.runtime.resource.loader.ClasspathResourceLoader
2019-12-23 11:25:28,603 - ResourceManager : found com/liuqi/vm/htmlUpdate.vm with loader org.apache.velocity.runtime.resource.loader.ClasspathResourceLoader
